The target system is: Android - 1 - i686
The host system is: Darwin - 21.3.0 - x86_64
Detecting C compiler ABI info compiled with the following output:
Change Dir: /Users/zakharpetrushin/AndroidStudioProjects/RPO_labs/app/libs/mbedtls/build/x86/CMakeFiles/CMakeTmp

Run Build Command(s):/usr/bin/make cmTC_4f2db/fast && /Library/Developer/CommandLineTools/usr/bin/make  -f CMakeFiles/cmTC_4f2db.dir/build.make CMakeFiles/cmTC_4f2db.dir/build
Building C object CMakeFiles/cmTC_4f2db.dir/CMakeCCompilerABI.c.o
/Users/zakharpetrushin/Library/Android/sdk/ndk/21.4.7075529/toolchains/llvm/prebuilt/darwin-x86_64/bin/clang --target=i686-none-linux-android16 --gcc-toolchain=/Users/zakharpetrushin/Library/Android/sdk/ndk/21.4.7075529/toolchains/llvm/prebuilt/darwin-x86_64 --sysroot=/Users/zakharpetrushin/Library/Android/sdk/ndk/21.4.7075529/toolchains/llvm/prebuilt/darwin-x86_64/sysroot   -g -DANDROID -fdata-sections -ffunction-sections -funwind-tables -fstack-protector-strong -no-canonical-prefixes -mstackrealign -D_FORTIFY_SOURCE=2 -Wformat   -fPIE   -v -o CMakeFiles/cmTC_4f2db.dir/CMakeCCompilerABI.c.o -c /Users/zakharpetrushin/Library/Android/sdk/cmake/3.18.1/share/cmake-3.18/Modules/CMakeCCompilerABI.c
Android (7019983 based on r365631c3) clang version 9.0.9 (https://android.googlesource.com/toolchain/llvm-project a2a1e703c0edb03ba29944e529ccbf457742737b) (based on LLVM 9.0.9svn)
Target: i686-none-linux-android16
Thread model: posix
InstalledDir: /Users/zakharpetrushin/Library/Android/sdk/ndk/21.4.7075529/toolchains/llvm/prebuilt/darwin-x86_64/bin
Found candidate GCC installation: /Users/zakharpetrushin/Library/Android/sdk/ndk/21.4.7075529/toolchains/llvm/prebuilt/darwin-x86_64/lib/gcc/i686-linux-android/4.9.x
Found candidate GCC installation: /Users/zakharpetrushin/Library/Android/sdk/ndk/21.4.7075529/toolchains/llvm/prebuilt/darwin-x86_64/lib/gcc/x86_64-linux-android/4.9.x
Selected GCC installation: /Users/zakharpetrushin/Library/Android/sdk/ndk/21.4.7075529/toolchains/llvm/prebuilt/darwin-x86_64/lib/gcc/i686-linux-android/4.9.x
Candidate multilib: .;@m32
Selected multilib: .;@m32
 "/Users/zakharpetrushin/Library/Android/sdk/ndk/21.4.7075529/toolchains/llvm/prebuilt/darwin-x86_64/bin/clang" -cc1 -triple i686-none-linux-android16 -emit-obj -mrelax-all -mnoexecstack -disable-free -disable-llvm-verifier -discard-value-names -main-file-name CMakeCCompilerABI.c -mrelocation-model pic -pic-level 2 -pic-is-pie -mthread-model posix -mdisable-fp-elim -masm-verbose -mconstructor-aliases -munwind-tables -fuse-init-array -target-cpu i686 -target-feature +ssse3 -dwarf-column-info -debug-info-kind=limited -dwarf-version=4 -debugger-tuning=gdb -target-linker-version 305 -v -ffunction-sections -fdata-sections -coverage-notes-file /Users/zakharpetrushin/AndroidStudioProjects/RPO_labs/app/libs/mbedtls/build/x86/CMakeFiles/CMakeTmp/CMakeFiles/cmTC_4f2db.dir/CMakeCCompilerABI.c.gcno -resource-dir /Users/zakharpetrushin/Library/Android/sdk/ndk/21.4.7075529/toolchains/llvm/prebuilt/darwin-x86_64/lib64/clang/9.0.9 -D ANDROID -D _FORTIFY_SOURCE=2 -isysroot /Users/zakharpetrushin/Library/Android/sdk/ndk/21.4.7075529/toolchains/llvm/prebuilt/darwin-x86_64/sysroot -internal-isystem /Users/zakharpetrushin/Library/Android/sdk/ndk/21.4.7075529/toolchains/llvm/prebuilt/darwin-x86_64/sysroot/usr/local/include -internal-isystem /Users/zakharpetrushin/Library/Android/sdk/ndk/21.4.7075529/toolchains/llvm/prebuilt/darwin-x86_64/lib64/clang/9.0.9/include -internal-externc-isystem /Users/zakharpetrushin/Library/Android/sdk/ndk/21.4.7075529/toolchains/llvm/prebuilt/darwin-x86_64/sysroot/usr/include/i686-linux-android -internal-externc-isystem /Users/zakharpetrushin/Library/Android/sdk/ndk/21.4.7075529/toolchains/llvm/prebuilt/darwin-x86_64/sysroot/include -internal-externc-isystem /Users/zakharpetrushin/Library/Android/sdk/ndk/21.4.7075529/toolchains/llvm/prebuilt/darwin-x86_64/sysroot/usr/include -Wformat -fdebug-compilation-dir /Users/zakharpetrushin/AndroidStudioProjects/RPO_labs/app/libs/mbedtls/build/x86/CMakeFiles/CMakeTmp -ferror-limit 19 -fmessage-length 0 -stack-protector 2 -mstackrealign -fobjc-runtime=gcc -fdiagnostics-show-option -o CMakeFiles/cmTC_4f2db.dir/CMakeCCompilerABI.c.o -x c /Users/zakharpetrushin/Library/Android/sdk/cmake/3.18.1/share/cmake-3.18/Modules/CMakeCCompilerABI.c
clang -cc1 version 9.0.9 based upon LLVM 9.0.9svn default target x86_64-apple-darwin21.3.0
ignoring nonexistent directory "/Users/zakharpetrushin/Library/Android/sdk/ndk/21.4.7075529/toolchains/llvm/prebuilt/darwin-x86_64/sysroot/include"
#include "..." search starts here:
#include <...> search starts here:
 /Users/zakharpetrushin/Library/Android/sdk/ndk/21.4.7075529/toolchains/llvm/prebuilt/darwin-x86_64/sysroot/usr/local/include
 /Users/zakharpetrushin/Library/Android/sdk/ndk/21.4.7075529/toolchains/llvm/prebuilt/darwin-x86_64/lib64/clang/9.0.9/include
 /Users/zakharpetrushin/Library/Android/sdk/ndk/21.4.7075529/toolchains/llvm/prebuilt/darwin-x86_64/sysroot/usr/include/i686-linux-android
 /Users/zakharpetrushin/Library/Android/sdk/ndk/21.4.7075529/toolchains/llvm/prebuilt/darwin-x86_64/sysroot/usr/include
End of search list.
Linking C executable cmTC_4f2db
/Users/zakharpetrushin/Library/Android/sdk/cmake/3.18.1/bin/cmake -E cmake_link_script CMakeFiles/cmTC_4f2db.dir/link.txt --verbose=1
/Users/zakharpetrushin/Library/Android/sdk/ndk/21.4.7075529/toolchains/llvm/prebuilt/darwin-x86_64/bin/clang --target=i686-none-linux-android16 --gcc-toolchain=/Users/zakharpetrushin/Library/Android/sdk/ndk/21.4.7075529/toolchains/llvm/prebuilt/darwin-x86_64 --sysroot=/Users/zakharpetrushin/Library/Android/sdk/ndk/21.4.7075529/toolchains/llvm/prebuilt/darwin-x86_64/sysroot -g -DANDROID -fdata-sections -ffunction-sections -funwind-tables -fstack-protector-strong -no-canonical-prefixes -mstackrealign -D_FORTIFY_SOURCE=2 -Wformat   -Wl,--exclude-libs,libgcc.a -Wl,--exclude-libs,libgcc_real.a -Wl,--exclude-libs,libatomic.a -static-libstdc++ -Wl,--build-id -Wl,--fatal-warnings -Wl,--no-undefined -Qunused-arguments -Wl,--gc-sections  -v CMakeFiles/cmTC_4f2db.dir/CMakeCCompilerABI.c.o -o cmTC_4f2db 
Android (7019983 based on r365631c3) clang version 9.0.9 (https://android.googlesource.com/toolchain/llvm-project a2a1e703c0edb03ba29944e529ccbf457742737b) (based on LLVM 9.0.9svn)
Target: i686-none-linux-android16
Thread model: posix
InstalledDir: /Users/zakharpetrushin/Library/Android/sdk/ndk/21.4.7075529/toolchains/llvm/prebuilt/darwin-x86_64/bin
Found candidate GCC installation: /Users/zakharpetrushin/Library/Android/sdk/ndk/21.4.7075529/toolchains/llvm/prebuilt/darwin-x86_64/lib/gcc/i686-linux-android/4.9.x
Found candidate GCC installation: /Users/zakharpetrushin/Library/Android/sdk/ndk/21.4.7075529/toolchains/llvm/prebuilt/darwin-x86_64/lib/gcc/x86_64-linux-android/4.9.x
Selected GCC installation: /Users/zakharpetrushin/Library/Android/sdk/ndk/21.4.7075529/toolchains/llvm/prebuilt/darwin-x86_64/lib/gcc/i686-linux-android/4.9.x
Candidate multilib: .;@m32
Selected multilib: .;@m32
 "/Users/zakharpetrushin/Library/Android/sdk/ndk/21.4.7075529/toolchains/llvm/prebuilt/darwin-x86_64/lib/gcc/i686-linux-android/4.9.x/../../../../i686-linux-android/bin/ld" --sysroot=/Users/zakharpetrushin/Library/Android/sdk/ndk/21.4.7075529/toolchains/llvm/prebuilt/darwin-x86_64/sysroot -pie -z noexecstack --warn-shared-textrel -z now -z relro --hash-style=both --enable-new-dtags --eh-frame-hdr -m elf_i386 -dynamic-linker /system/bin/linker -o cmTC_4f2db /Users/zakharpetrushin/Library/Android/sdk/ndk/21.4.7075529/toolchains/llvm/prebuilt/darwin-x86_64/sysroot/usr/lib/i686-linux-android/16/crtbegin_dynamic.o -L/Users/zakharpetrushin/Library/Android/sdk/ndk/21.4.7075529/toolchains/llvm/prebuilt/darwin-x86_64/lib64/clang/9.0.9/lib/linux/i386 -L/Users/zakharpetrushin/Library/Android/sdk/ndk/21.4.7075529/toolchains/llvm/prebuilt/darwin-x86_64/lib/gcc/i686-linux-android/4.9.x -L/Users/zakharpetrushin/Library/Android/sdk/ndk/21.4.7075529/toolchains/llvm/prebuilt/darwin-x86_64/sysroot/usr/lib/i686-linux-android/16 -L/Users/zakharpetrushin/Library/Android/sdk/ndk/21.4.7075529/toolchains/llvm/prebuilt/darwin-x86_64/sysroot/usr/lib/i686-linux-android -L/Users/zakharpetrushin/Library/Android/sdk/ndk/21.4.7075529/toolchains/llvm/prebuilt/darwin-x86_64/lib/gcc/i686-linux-android/4.9.x/../../../../i686-linux-android/lib -L/Users/zakharpetrushin/Library/Android/sdk/ndk/21.4.7075529/toolchains/llvm/prebuilt/darwin-x86_64/sysroot/usr/lib --exclude-libs libgcc.a --exclude-libs libgcc_real.a --exclude-libs libatomic.a --build-id --fatal-warnings --no-undefined --gc-sections CMakeFiles/cmTC_4f2db.dir/CMakeCCompilerABI.c.o -lgcc -ldl -lc -lgcc -ldl /Users/zakharpetrushin/Library/Android/sdk/ndk/21.4.7075529/toolchains/llvm/prebuilt/darwin-x86_64/sysroot/usr/lib/i686-linux-android/16/crtend_android.o



Parsed C implicit include dir info from above output: rv=done
  found start of include info
  found start of implicit include info
    add: [/Users/zakharpetrushin/Library/Android/sdk/ndk/21.4.7075529/toolchains/llvm/prebuilt/darwin-x86_64/sysroot/usr/local/include]
    add: [/Users/zakharpetrushin/Library/Android/sdk/ndk/21.4.7075529/toolchains/llvm/prebuilt/darwin-x86_64/lib64/clang/9.0.9/include]
    add: [/Users/zakharpetrushin/Library/Android/sdk/ndk/21.4.7075529/toolchains/llvm/prebuilt/darwin-x86_64/sysroot/usr/include/i686-linux-android]
    add: [/Users/zakharpetrushin/Library/Android/sdk/ndk/21.4.7075529/toolchains/llvm/prebuilt/darwin-x86_64/sysroot/usr/include]
  end of search list found
  collapse include dir [/Users/zakharpetrushin/Library/Android/sdk/ndk/21.4.7075529/toolchains/llvm/prebuilt/darwin-x86_64/sysroot/usr/local/include] ==> [/Users/zakharpetrushin/Library/Android/sdk/ndk/21.4.7075529/toolchains/llvm/prebuilt/darwin-x86_64/sysroot/usr/local/include]
  collapse include dir [/Users/zakharpetrushin/Library/Android/sdk/ndk/21.4.7075529/toolchains/llvm/prebuilt/darwin-x86_64/lib64/clang/9.0.9/include] ==> [/Users/zakharpetrushin/Library/Android/sdk/ndk/21.4.7075529/toolchains/llvm/prebuilt/darwin-x86_64/lib64/clang/9.0.9/include]
  collapse include dir [/Users/zakharpetrushin/Library/Android/sdk/ndk/21.4.7075529/toolchains/llvm/prebuilt/darwin-x86_64/sysroot/usr/include/i686-linux-android] ==> [/Users/zakharpetrushin/Library/Android/sdk/ndk/21.4.7075529/toolchains/llvm/prebuilt/darwin-x86_64/sysroot/usr/include/i686-linux-android]
  collapse include dir [/Users/zakharpetrushin/Library/Android/sdk/ndk/21.4.7075529/toolchains/llvm/prebuilt/darwin-x86_64/sysroot/usr/include] ==> [/Users/zakharpetrushin/Library/Android/sdk/ndk/21.4.7075529/toolchains/llvm/prebuilt/darwin-x86_64/sysroot/usr/include]
  implicit include dirs: [/Users/zakharpetrushin/Library/Android/sdk/ndk/21.4.7075529/toolchains/llvm/prebuilt/darwin-x86_64/sysroot/usr/local/include;/Users/zakharpetrushin/Library/Android/sdk/ndk/21.4.7075529/toolchains/llvm/prebuilt/darwin-x86_64/lib64/clang/9.0.9/include;/Users/zakharpetrushin/Library/Android/sdk/ndk/21.4.7075529/toolchains/llvm/prebuilt/darwin-x86_64/sysroot/usr/include/i686-linux-android;/Users/zakharpetrushin/Library/Android/sdk/ndk/21.4.7075529/toolchains/llvm/prebuilt/darwin-x86_64/sysroot/usr/include]


Parsed C implicit link information from above output:
  link line regex: [^( *|.*[/\])(i686-linux-android-ld|CMAKE_LINK_STARTFILE-NOTFOUND|([^/\]+-)?ld|collect2)[^/\]*( |$)]
  ignore line: [Change Dir: /Users/zakharpetrushin/AndroidStudioProjects/RPO_labs/app/libs/mbedtls/build/x86/CMakeFiles/CMakeTmp]
  ignore line: []
  ignore line: [Run Build Command(s):/usr/bin/make cmTC_4f2db/fast && /Library/Developer/CommandLineTools/usr/bin/make  -f CMakeFiles/cmTC_4f2db.dir/build.make CMakeFiles/cmTC_4f2db.dir/build]
  ignore line: [Building C object CMakeFiles/cmTC_4f2db.dir/CMakeCCompilerABI.c.o]
  ignore line: [/Users/zakharpetrushin/Library/Android/sdk/ndk/21.4.7075529/toolchains/llvm/prebuilt/darwin-x86_64/bin/clang --target=i686-none-linux-android16 --gcc-toolchain=/Users/zakharpetrushin/Library/Android/sdk/ndk/21.4.7075529/toolchains/llvm/prebuilt/darwin-x86_64 --sysroot=/Users/zakharpetrushin/Library/Android/sdk/ndk/21.4.7075529/toolchains/llvm/prebuilt/darwin-x86_64/sysroot   -g -DANDROID -fdata-sections -ffunction-sections -funwind-tables -fstack-protector-strong -no-canonical-prefixes -mstackrealign -D_FORTIFY_SOURCE=2 -Wformat   -fPIE   -v -o CMakeFiles/cmTC_4f2db.dir/CMakeCCompilerABI.c.o -c /Users/zakharpetrushin/Library/Android/sdk/cmake/3.18.1/share/cmake-3.18/Modules/CMakeCCompilerABI.c]
  ignore line: [Android (7019983 based on r365631c3) clang version 9.0.9 (https://android.googlesource.com/toolchain/llvm-project a2a1e703c0edb03ba29944e529ccbf457742737b) (based on LLVM 9.0.9svn)]
  ignore line: [Target: i686-none-linux-android16]
  ignore line: [Thread model: posix]
  ignore line: [InstalledDir: /Users/zakharpetrushin/Library/Android/sdk/ndk/21.4.7075529/toolchains/llvm/prebuilt/darwin-x86_64/bin]
  ignore line: [Found candidate GCC installation: /Users/zakharpetrushin/Library/Android/sdk/ndk/21.4.7075529/toolchains/llvm/prebuilt/darwin-x86_64/lib/gcc/i686-linux-android/4.9.x]
  ignore line: [Found candidate GCC installation: /Users/zakharpetrushin/Library/Android/sdk/ndk/21.4.7075529/toolchains/llvm/prebuilt/darwin-x86_64/lib/gcc/x86_64-linux-android/4.9.x]
  ignore line: [Selected GCC installation: /Users/zakharpetrushin/Library/Android/sdk/ndk/21.4.7075529/toolchains/llvm/prebuilt/darwin-x86_64/lib/gcc/i686-linux-android/4.9.x]
  ignore line: [Candidate multilib: .]
  ignore line: [@m32]
  ignore line: [Selected multilib: .]
  ignore line: [@m32]
  ignore line: [ "/Users/zakharpetrushin/Library/Android/sdk/ndk/21.4.7075529/toolchains/llvm/prebuilt/darwin-x86_64/bin/clang" -cc1 -triple i686-none-linux-android16 -emit-obj -mrelax-all -mnoexecstack -disable-free -disable-llvm-verifier -discard-value-names -main-file-name CMakeCCompilerABI.c -mrelocation-model pic -pic-level 2 -pic-is-pie -mthread-model posix -mdisable-fp-elim -masm-verbose -mconstructor-aliases -munwind-tables -fuse-init-array -target-cpu i686 -target-feature +ssse3 -dwarf-column-info -debug-info-kind=limited -dwarf-version=4 -debugger-tuning=gdb -target-linker-version 305 -v -ffunction-sections -fdata-sections -coverage-notes-file /Users/zakharpetrushin/AndroidStudioProjects/RPO_labs/app/libs/mbedtls/build/x86/CMakeFiles/CMakeTmp/CMakeFiles/cmTC_4f2db.dir/CMakeCCompilerABI.c.gcno -resource-dir /Users/zakharpetrushin/Library/Android/sdk/ndk/21.4.7075529/toolchains/llvm/prebuilt/darwin-x86_64/lib64/clang/9.0.9 -D ANDROID -D _FORTIFY_SOURCE=2 -isysroot /Users/zakharpetrushin/Library/Android/sdk/ndk/21.4.7075529/toolchains/llvm/prebuilt/darwin-x86_64/sysroot -internal-isystem /Users/zakharpetrushin/Library/Android/sdk/ndk/21.4.7075529/toolchains/llvm/prebuilt/darwin-x86_64/sysroot/usr/local/include -internal-isystem /Users/zakharpetrushin/Library/Android/sdk/ndk/21.4.7075529/toolchains/llvm/prebuilt/darwin-x86_64/lib64/clang/9.0.9/include -internal-externc-isystem /Users/zakharpetrushin/Library/Android/sdk/ndk/21.4.7075529/toolchains/llvm/prebuilt/darwin-x86_64/sysroot/usr/include/i686-linux-android -internal-externc-isystem /Users/zakharpetrushin/Library/Android/sdk/ndk/21.4.7075529/toolchains/llvm/prebuilt/darwin-x86_64/sysroot/include -internal-externc-isystem /Users/zakharpetrushin/Library/Android/sdk/ndk/21.4.7075529/toolchains/llvm/prebuilt/darwin-x86_64/sysroot/usr/include -Wformat -fdebug-compilation-dir /Users/zakharpetrushin/AndroidStudioProjects/RPO_labs/app/libs/mbedtls/build/x86/CMakeFiles/CMakeTmp -ferror-limit 19 -fmessage-length 0 -stack-protector 2 -mstackrealign -fobjc-runtime=gcc -fdiagnostics-show-option -o CMakeFiles/cmTC_4f2db.dir/CMakeCCompilerABI.c.o -x c /Users/zakharpetrushin/Library/Android/sdk/cmake/3.18.1/share/cmake-3.18/Modules/CMakeCCompilerABI.c]
  ignore line: [clang -cc1 version 9.0.9 based upon LLVM 9.0.9svn default target x86_64-apple-darwin21.3.0]
  ignore line: [ignoring nonexistent directory "/Users/zakharpetrushin/Library/Android/sdk/ndk/21.4.7075529/toolchains/llvm/prebuilt/darwin-x86_64/sysroot/include"]
  ignore line: [#include "..." search starts here:]
  ignore line: [#include <...> search starts here:]
  ignore line: [ /Users/zakharpetrushin/Library/Android/sdk/ndk/21.4.7075529/toolchains/llvm/prebuilt/darwin-x86_64/sysroot/usr/local/include]
  ignore line: [ /Users/zakharpetrushin/Library/Android/sdk/ndk/21.4.7075529/toolchains/llvm/prebuilt/darwin-x86_64/lib64/clang/9.0.9/include]
  ignore line: [ /Users/zakharpetrushin/Library/Android/sdk/ndk/21.4.7075529/toolchains/llvm/prebuilt/darwin-x86_64/sysroot/usr/include/i686-linux-android]
  ignore line: [ /Users/zakharpetrushin/Library/Android/sdk/ndk/21.4.7075529/toolchains/llvm/prebuilt/darwin-x86_64/sysroot/usr/include]
  ignore line: [End of search list.]
  ignore line: [Linking C executable cmTC_4f2db]
  ignore line: [/Users/zakharpetrushin/Library/Android/sdk/cmake/3.18.1/bin/cmake -E cmake_link_script CMakeFiles/cmTC_4f2db.dir/link.txt --verbose=1]
  ignore line: [/Users/zakharpetrushin/Library/Android/sdk/ndk/21.4.7075529/toolchains/llvm/prebuilt/darwin-x86_64/bin/clang --target=i686-none-linux-android16 --gcc-toolchain=/Users/zakharpetrushin/Library/Android/sdk/ndk/21.4.7075529/toolchains/llvm/prebuilt/darwin-x86_64 --sysroot=/Users/zakharpetrushin/Library/Android/sdk/ndk/21.4.7075529/toolchains/llvm/prebuilt/darwin-x86_64/sysroot -g -DANDROID -fdata-sections -ffunction-sections -funwind-tables -fstack-protector-strong -no-canonical-prefixes -mstackrealign -D_FORTIFY_SOURCE=2 -Wformat   -Wl --exclude-libs libgcc.a -Wl --exclude-libs libgcc_real.a -Wl --exclude-libs libatomic.a -static-libstdc++ -Wl --build-id -Wl --fatal-warnings -Wl --no-undefined -Qunused-arguments -Wl --gc-sections  -v CMakeFiles/cmTC_4f2db.dir/CMakeCCompilerABI.c.o -o cmTC_4f2db ]
  ignore line: [Android (7019983 based on r365631c3) clang version 9.0.9 (https://android.googlesource.com/toolchain/llvm-project a2a1e703c0edb03ba29944e529ccbf457742737b) (based on LLVM 9.0.9svn)]
  ignore line: [Target: i686-none-linux-android16]
  ignore line: [Thread model: posix]
  ignore line: [InstalledDir: /Users/zakharpetrushin/Library/Android/sdk/ndk/21.4.7075529/toolchains/llvm/prebuilt/darwin-x86_64/bin]
  ignore line: [Found candidate GCC installation: /Users/zakharpetrushin/Library/Android/sdk/ndk/21.4.7075529/toolchains/llvm/prebuilt/darwin-x86_64/lib/gcc/i686-linux-android/4.9.x]
  ignore line: [Found candidate GCC installation: /Users/zakharpetrushin/Library/Android/sdk/ndk/21.4.7075529/toolchains/llvm/prebuilt/darwin-x86_64/lib/gcc/x86_64-linux-android/4.9.x]
  ignore line: [Selected GCC installation: /Users/zakharpetrushin/Library/Android/sdk/ndk/21.4.7075529/toolchains/llvm/prebuilt/darwin-x86_64/lib/gcc/i686-linux-android/4.9.x]
  ignore line: [Candidate multilib: .]
  ignore line: [@m32]
  ignore line: [Selected multilib: .]
  ignore line: [@m32]
  link line: [ "/Users/zakharpetrushin/Library/Android/sdk/ndk/21.4.7075529/toolchains/llvm/prebuilt/darwin-x86_64/lib/gcc/i686-linux-android/4.9.x/../../../../i686-linux-android/bin/ld" --sysroot=/Users/zakharpetrushin/Library/Android/sdk/ndk/21.4.7075529/toolchains/llvm/prebuilt/darwin-x86_64/sysroot -pie -z noexecstack --warn-shared-textrel -z now -z relro --hash-style=both --enable-new-dtags --eh-frame-hdr -m elf_i386 -dynamic-linker /system/bin/linker -o cmTC_4f2db /Users/zakharpetrushin/Library/Android/sdk/ndk/21.4.7075529/toolchains/llvm/prebuilt/darwin-x86_64/sysroot/usr/lib/i686-linux-android/16/crtbegin_dynamic.o -L/Users/zakharpetrushin/Library/Android/sdk/ndk/21.4.7075529/toolchains/llvm/prebuilt/darwin-x86_64/lib64/clang/9.0.9/lib/linux/i386 -L/Users/zakharpetrushin/Library/Android/sdk/ndk/21.4.7075529/toolchains/llvm/prebuilt/darwin-x86_64/lib/gcc/i686-linux-android/4.9.x -L/Users/zakharpetrushin/Library/Android/sdk/ndk/21.4.7075529/toolchains/llvm/prebuilt/darwin-x86_64/sysroot/usr/lib/i686-linux-android/16 -L/Users/zakharpetrushin/Library/Android/sdk/ndk/21.4.7075529/toolchains/llvm/prebuilt/darwin-x86_64/sysroot/usr/lib/i686-linux-android -L/Users/zakharpetrushin/Library/Android/sdk/ndk/21.4.7075529/toolchains/llvm/prebuilt/darwin-x86_64/lib/gcc/i686-linux-android/4.9.x/../../../../i686-linux-android/lib -L/Users/zakharpetrushin/Library/Android/sdk/ndk/21.4.7075529/toolchains/llvm/prebuilt/darwin-x86_64/sysroot/usr/lib --exclude-libs libgcc.a --exclude-libs libgcc_real.a --exclude-libs libatomic.a --build-id --fatal-warnings --no-undefined --gc-sections CMakeFiles/cmTC_4f2db.dir/CMakeCCompilerABI.c.o -lgcc -ldl -lc -lgcc -ldl /Users/zakharpetrushin/Library/Android/sdk/ndk/21.4.7075529/toolchains/llvm/prebuilt/darwin-x86_64/sysroot/usr/lib/i686-linux-android/16/crtend_android.o]
    arg [/Users/zakharpetrushin/Library/Android/sdk/ndk/21.4.7075529/toolchains/llvm/prebuilt/darwin-x86_64/lib/gcc/i686-linux-android/4.9.x/../../../../i686-linux-android/bin/ld] ==> ignore
    arg [--sysroot=/Users/zakharpetrushin/Library/Android/sdk/ndk/21.4.7075529/toolchains/llvm/prebuilt/darwin-x86_64/sysroot] ==> ignore
    arg [-pie] ==> ignore
    arg [-znoexecstack] ==> ignore
    arg [--warn-shared-textrel] ==> ignore
    arg [-znow] ==> ignore
    arg [-zrelro] ==> ignore
    arg [--hash-style=both] ==> ignore
    arg [--enable-new-dtags] ==> ignore
    arg [--eh-frame-hdr] ==> ignore
    arg [-m] ==> ignore
    arg [elf_i386] ==> ignore
    arg [-dynamic-linker] ==> ignore
    arg [/system/bin/linker] ==> ignore
    arg [-o] ==> ignore
    arg [cmTC_4f2db] ==> ignore
    arg [/Users/zakharpetrushin/Library/Android/sdk/ndk/21.4.7075529/toolchains/llvm/prebuilt/darwin-x86_64/sysroot/usr/lib/i686-linux-android/16/crtbegin_dynamic.o] ==> ignore
    arg [-L/Users/zakharpetrushin/Library/Android/sdk/ndk/21.4.7075529/toolchains/llvm/prebuilt/darwin-x86_64/lib64/clang/9.0.9/lib/linux/i386] ==> dir [/Users/zakharpetrushin/Library/Android/sdk/ndk/21.4.7075529/toolchains/llvm/prebuilt/darwin-x86_64/lib64/clang/9.0.9/lib/linux/i386]
    arg [-L/Users/zakharpetrushin/Library/Android/sdk/ndk/21.4.7075529/toolchains/llvm/prebuilt/darwin-x86_64/lib/gcc/i686-linux-android/4.9.x] ==> dir [/Users/zakharpetrushin/Library/Android/sdk/ndk/21.4.7075529/toolchains/llvm/prebuilt/darwin-x86_64/lib/gcc/i686-linux-android/4.9.x]
    arg [-L/Users/zakharpetrushin/Library/Android/sdk/ndk/21.4.7075529/toolchains/llvm/prebuilt/darwin-x86_64/sysroot/usr/lib/i686-linux-android/16] ==> dir [/Users/zakharpetrushin/Library/Android/sdk/ndk/21.4.7075529/toolchains/llvm/prebuilt/darwin-x86_64/sysroot/usr/lib/i686-linux-android/16]
    arg [-L/Users/zakharpetrushin/Library/Android/sdk/ndk/21.4.7075529/toolchains/llvm/prebuilt/darwin-x86_64/sysroot/usr/lib/i686-linux-android] ==> dir [/Users/zakharpetrushin/Library/Android/sdk/ndk/21.4.7075529/toolchains/llvm/prebuilt/darwin-x86_64/sysroot/usr/lib/i686-linux-android]
    arg [-L/Users/zakharpetrushin/Library/Android/sdk/ndk/21.4.7075529/toolchains/llvm/prebuilt/darwin-x86_64/lib/gcc/i686-linux-android/4.9.x/../../../../i686-linux-android/lib] ==> dir [/Users/zakharpetrushin/Library/Android/sdk/ndk/21.4.7075529/toolchains/llvm/prebuilt/darwin-x86_64/lib/gcc/i686-linux-android/4.9.x/../../../../i686-linux-android/lib]
    arg [-L/Users/zakharpetrushin/Library/Android/sdk/ndk/21.4.7075529/toolchains/llvm/prebuilt/darwin-x86_64/sysroot/usr/lib] ==> dir [/Users/zakharpetrushin/Library/Android/sdk/ndk/21.4.7075529/toolchains/llvm/prebuilt/darwin-x86_64/sysroot/usr/lib]
    arg [--exclude-libs] ==> ignore
    arg [libgcc.a] ==> ignore
    arg [--exclude-libs] ==> ignore
    arg [libgcc_real.a] ==> ignore
    arg [--exclude-libs] ==> ignore
    arg [libatomic.a] ==> ignore
    arg [--build-id] ==> ignore
    arg [--fatal-warnings] ==> ignore
    arg [--no-undefined] ==> ignore
    arg [--gc-sections] ==> ignore
    arg [CMakeFiles/cmTC_4f2db.dir/CMakeCCompilerABI.c.o] ==> ignore
    arg [-lgcc] ==> lib [gcc]
    arg [-ldl] ==> lib [dl]
    arg [-lc] ==> lib [c]
    arg [-lgcc] ==> lib [gcc]
    arg [-ldl] ==> lib [dl]
    arg [/Users/zakharpetrushin/Library/Android/sdk/ndk/21.4.7075529/toolchains/llvm/prebuilt/darwin-x86_64/sysroot/usr/lib/i686-linux-android/16/crtend_android.o] ==> ignore
  collapse library dir [/Users/zakharpetrushin/Library/Android/sdk/ndk/21.4.7075529/toolchains/llvm/prebuilt/darwin-x86_64/lib64/clang/9.0.9/lib/linux/i386] ==> [/Users/zakharpetrushin/Library/Android/sdk/ndk/21.4.7075529/toolchains/llvm/prebuilt/darwin-x86_64/lib64/clang/9.0.9/lib/linux/i386]
  collapse library dir [/Users/zakharpetrushin/Library/Android/sdk/ndk/21.4.7075529/toolchains/llvm/prebuilt/darwin-x86_64/lib/gcc/i686-linux-android/4.9.x] ==> [/Users/zakharpetrushin/Library/Android/sdk/ndk/21.4.7075529/toolchains/llvm/prebuilt/darwin-x86_64/lib/gcc/i686-linux-android/4.9.x]
  collapse library dir [/Users/zakharpetrushin/Library/Android/sdk/ndk/21.4.7075529/toolchains/llvm/prebuilt/darwin-x86_64/sysroot/usr/lib/i686-linux-android/16] ==> [/Users/zakharpetrushin/Library/Android/sdk/ndk/21.4.7075529/toolchains/llvm/prebuilt/darwin-x86_64/sysroot/usr/lib/i686-linux-android/16]
  collapse library dir [/Users/zakharpetrushin/Library/Android/sdk/ndk/21.4.7075529/toolchains/llvm/prebuilt/darwin-x86_64/sysroot/usr/lib/i686-linux-android] ==> [/Users/zakharpetrushin/Library/Android/sdk/ndk/21.4.7075529/toolchains/llvm/prebuilt/darwin-x86_64/sysroot/usr/lib/i686-linux-android]
  collapse library dir [/Users/zakharpetrushin/Library/Android/sdk/ndk/21.4.7075529/toolchains/llvm/prebuilt/darwin-x86_64/lib/gcc/i686-linux-android/4.9.x/../../../../i686-linux-android/lib] ==> [/Users/zakharpetrushin/Library/Android/sdk/ndk/21.4.7075529/toolchains/llvm/prebuilt/darwin-x86_64/i686-linux-android/lib]
  collapse library dir [/Users/zakharpetrushin/Library/Android/sdk/ndk/21.4.7075529/toolchains/llvm/prebuilt/darwin-x86_64/sysroot/usr/lib] ==> [/Users/zakharpetrushin/Library/Android/sdk/ndk/21.4.7075529/toolchains/llvm/prebuilt/darwin-x86_64/sysroot/usr/lib]
  implicit libs: [gcc;dl;c;gcc;dl]
  implicit dirs: [/Users/zakharpetrushin/Library/Android/sdk/ndk/21.4.7075529/toolchains/llvm/prebuilt/darwin-x86_64/lib64/clang/9.0.9/lib/linux/i386;/Users/zakharpetrushin/Library/Android/sdk/ndk/21.4.7075529/toolchains/llvm/prebuilt/darwin-x86_64/lib/gcc/i686-linux-android/4.9.x;/Users/zakharpetrushin/Library/Android/sdk/ndk/21.4.7075529/toolchains/llvm/prebuilt/darwin-x86_64/sysroot/usr/lib/i686-linux-android/16;/Users/zakharpetrushin/Library/Android/sdk/ndk/21.4.7075529/toolchains/llvm/prebuilt/darwin-x86_64/sysroot/usr/lib/i686-linux-android;/Users/zakharpetrushin/Library/Android/sdk/ndk/21.4.7075529/toolchains/llvm/prebuilt/darwin-x86_64/i686-linux-android/lib;/Users/zakharpetrushin/Library/Android/sdk/ndk/21.4.7075529/toolchains/llvm/prebuilt/darwin-x86_64/sysroot/usr/lib]
  implicit fwks: []


Determining if the include file pthread.h exists passed with the following output:
Change Dir: /Users/zakharpetrushin/AndroidStudioProjects/RPO_labs/app/libs/mbedtls/build/x86/CMakeFiles/CMakeTmp

Run Build Command(s):/usr/bin/make cmTC_590bc/fast && /Library/Developer/CommandLineTools/usr/bin/make  -f CMakeFiles/cmTC_590bc.dir/build.make CMakeFiles/cmTC_590bc.dir/build
Building C object CMakeFiles/cmTC_590bc.dir/CheckIncludeFile.c.o
/Users/zakharpetrushin/Library/Android/sdk/ndk/21.4.7075529/toolchains/llvm/prebuilt/darwin-x86_64/bin/clang --target=i686-none-linux-android16 --gcc-toolchain=/Users/zakharpetrushin/Library/Android/sdk/ndk/21.4.7075529/toolchains/llvm/prebuilt/darwin-x86_64 --sysroot=/Users/zakharpetrushin/Library/Android/sdk/ndk/21.4.7075529/toolchains/llvm/prebuilt/darwin-x86_64/sysroot   -g -DANDROID -fdata-sections -ffunction-sections -funwind-tables -fstack-protector-strong -no-canonical-prefixes -mstackrealign -D_FORTIFY_SOURCE=2 -Wformat -Werror=format-security  -Wall -Wextra -Wwrite-strings -Wpointer-arith -Wimplicit-fallthrough -Wshadow -Wvla -Wformat=2 -Wno-format-nonliteral -Werror  -fPIE -o CMakeFiles/cmTC_590bc.dir/CheckIncludeFile.c.o -c /Users/zakharpetrushin/AndroidStudioProjects/RPO_labs/app/libs/mbedtls/build/x86/CMakeFiles/CMakeTmp/CheckIncludeFile.c
Linking C executable cmTC_590bc
/Users/zakharpetrushin/Library/Android/sdk/cmake/3.18.1/bin/cmake -E cmake_link_script CMakeFiles/cmTC_590bc.dir/link.txt --verbose=1
/Users/zakharpetrushin/Library/Android/sdk/ndk/21.4.7075529/toolchains/llvm/prebuilt/darwin-x86_64/bin/clang --target=i686-none-linux-android16 --gcc-toolchain=/Users/zakharpetrushin/Library/Android/sdk/ndk/21.4.7075529/toolchains/llvm/prebuilt/darwin-x86_64 --sysroot=/Users/zakharpetrushin/Library/Android/sdk/ndk/21.4.7075529/toolchains/llvm/prebuilt/darwin-x86_64/sysroot -g -DANDROID -fdata-sections -ffunction-sections -funwind-tables -fstack-protector-strong -no-canonical-prefixes -mstackrealign -D_FORTIFY_SOURCE=2 -Wformat -Werror=format-security  -Wall -Wextra -Wwrite-strings -Wpointer-arith -Wimplicit-fallthrough -Wshadow -Wvla -Wformat=2 -Wno-format-nonliteral -Werror  -Wl,--exclude-libs,libgcc.a -Wl,--exclude-libs,libgcc_real.a -Wl,--exclude-libs,libatomic.a -static-libstdc++ -Wl,--build-id -Wl,--fatal-warnings -Wl,--no-undefined -Qunused-arguments -Wl,--gc-sections   CMakeFiles/cmTC_590bc.dir/CheckIncludeFile.c.o -o cmTC_590bc  -latomic -lm 



